<?xml version="1.0" encoding="UTF-8"?>
<!-- Generated by org.testng.reporters.JUnitReportReporter -->
<testsuite hostname="LAPTOP-NKT0NVMG" failures="0" tests="4" name="com.crm.qa.testcases.HomePageTest" time="35.440" errors="0" timestamp="2022-10-08T11:08:42 EDT" skipped="0">
  <testcase classname="com.crm.qa.testcases.HomePageTest" name="verifyHomePageTitle" time="7.368"/>
  <system-out/>
  <testcase classname="com.crm.qa.testcases.HomePageTest" name="verifyUserNameTest" time="9.471"/>
  <system-out/>
  <testcase classname="com.crm.qa.testcases.HomePageTest" name="verifyContactsLinkTest" time="9.524"/>
  <system-out/>
  <testcase classname="com.crm.qa.testcases.HomePageTest" name="verifyDealsLinkTest" time="9.077"/>
  <system-out/>
</testsuite> <!-- com.crm.qa.testcases.HomePageTest -->
