<?xml version="1.0" encoding="UTF-8"?>
<!-- Generated by org.testng.reporters.JUnitReportReporter -->
<testsuite hostname="LAPTOP-NKT0NVMG" failures="0" tests="2" name="com.crm.qa.testcases.LoginPageTest" time="17.410" errors="0" timestamp="2022-10-08T11:08:42 EDT" skipped="0">
  <testcase classname="com.crm.qa.testcases.LoginPageTest" name="loginPageTitleTest" time="9.084"/>
  <system-out/>
  <testcase classname="com.crm.qa.testcases.LoginPageTest" name="loginTest" time="8.326"/>
  <system-out/>
</testsuite> <!-- com.crm.qa.testcases.LoginPageTest -->
